<?xml version="1.0" encoding="UTF-8"?>
<!-- Generated by org.testng.reporters.JUnitXMLReporter -->
<testsuite ignored="0" hostname="Preetijaiswal-IT" failures="0" tests="3" name="Default test" time="6.889" errors="0" timestamp="2023-02-17T12:16:13 IST">
  <testcase classname="testng.TestCasePractice" name="doLogin" time="0.007"/>
  <testcase classname="testng.TestCasePractice" name="doLogout" time="0.002"/>
  <testcase classname="testng.TestCasePractice" name="validateTitle" time="6.795"/>
</testsuite> <!-- Default test -->
